<?xml version="1.0" encoding="UTF-8"?>
<!-- Generated by org.testng.reporters.JUnitXMLReporter -->
<testsuite ignored="4" hostname="sunny-PC" failures="0" tests="1" name="Default test" time="36.522" errors="0" timestamp="2021-12-23T12:34:03 IST">
  <testcase classname="com.sdet3.practice.XpathForDiffSituations" name="valueWithSpaces" time="36.334"/>
  <testcase classname="com.sdet3.practice.XpathForDiffSituations" name="pauseTheScriptForDD" time="0.0">
    <ignored/>
  </testcase> <!-- pauseTheScriptForDD -->
  <testcase classname="com.sdet3.practice.XpathForDiffSituations" name="lastField" time="0.0">
    <ignored/>
  </testcase> <!-- lastField -->
  <testcase classname="com.sdet3.practice.XpathForDiffSituations" name="mouseHoverText" time="0.0">
    <ignored/>
  </testcase> <!-- mouseHoverText -->
  <testcase classname="com.sdet3.practice.XpathForDiffSituations" name="svgTag" time="0.0">
    <ignored/>
  </testcase> <!-- svgTag -->
</testsuite> <!-- Default test -->
