<?xml version="1.0" encoding="UTF-8"?>
<!-- Generated by org.testng.reporters.JUnitXMLReporter -->
<testsuite ignored="1" hostname="sunny-PC" failures="0" tests="1" name="Default test" time="175.846" errors="0" timestamp="2021-12-16T11:32:12 IST">
  <testcase classname="com.Vtiger.TC.TC001_CreateOrganisationTest" name="OrgnameWithNum" time="120.749"/>
  <testcase classname="com.Vtiger.TC.TC001_CreateOrganisationTest" name="createOrg" time="0.0">
    <ignored/>
  </testcase> <!-- createOrg -->
</testsuite> <!-- Default test -->
