<?xml version="1.0" encoding="UTF-8"?>
<testng-results ignored="1" total="2" passed="1" failed="0" skipped="0">
  <reporter-output>
  </reporter-output>
  <suite started-at="2021-12-16T11:29:16 IST" name="Default suite" finished-at="2021-12-16T11:32:12 IST" duration-ms="175846">
    <groups>
      <group name="Regression Testing">
        <method signature="TC001_CreateOrganisationTest.OrgnameWithNum()[pri:0, instance:com.Vtiger.TC.TC001_CreateOrganisationTest@29215f06]" name="OrgnameWithNum" class="com.Vtiger.TC.TC001_CreateOrganisationTest"/>
      </group> <!-- Regression Testing -->
    </groups>
    <test started-at="2021-12-16T11:29:16 IST" name="Default test" finished-at="2021-12-16T11:32:12 IST" duration-ms="175846">
      <class name="com.Vtiger.TC.TC001_CreateOrganisationTest">
        <test-method is-config="true" signature="setUp()[pri:0, instance:com.Vtiger.TC.TC001_CreateOrganisationTest@29215f06]" started-at="2021-12-16T11:29:16 IST" name="setUp" finished-at="2021-12-16T11:29:16 IST" duration-ms="32" status="PASS">
          <reporter-output>
          </reporter-output>
        </test-method> <!-- setUp -->
        <test-method is-config="true" signature="launcBrowser_URL()[pri:0, instance:com.Vtiger.TC.TC001_CreateOrganisationTest@29215f06]" started-at="2021-12-16T11:29:16 IST" name="launcBrowser_URL" finished-at="2021-12-16T11:29:34 IST" duration-ms="17698" status="PASS">
          <reporter-output>
          </reporter-output>
        </test-method> <!-- launcBrowser_URL -->
        <test-method is-config="true" signature="loginToApp()[pri:0, instance:com.Vtiger.TC.TC001_CreateOrganisationTest@29215f06]" started-at="2021-12-16T11:29:34 IST" name="loginToApp" finished-at="2021-12-16T11:29:47 IST" duration-ms="13794" status="PASS">
          <reporter-output>
          </reporter-output>
        </test-method> <!-- loginToApp -->
        <test-method signature="OrgnameWithNum()[pri:0, instance:com.Vtiger.TC.TC001_CreateOrganisationTest@29215f06]" started-at="2021-12-16T11:29:47 IST" name="OrgnameWithNum" finished-at="2021-12-16T11:31:48 IST" duration-ms="120749" status="PASS">
          <reporter-output>
          </reporter-output>
        </test-method> <!-- OrgnameWithNum -->
        <test-method is-config="true" signature="logoutFromApp()[pri:0, instance:com.Vtiger.TC.TC001_CreateOrganisationTest@29215f06]" started-at="2021-12-16T11:31:48 IST" name="logoutFromApp" finished-at="2021-12-16T11:32:06 IST" duration-ms="17666" status="PASS">
          <reporter-output>
          </reporter-output>
        </test-method> <!-- logoutFromApp -->
        <test-method is-config="true" signature="closeBrowser()[pri:0, instance:com.Vtiger.TC.TC001_CreateOrganisationTest@29215f06]" started-at="2021-12-16T11:32:06 IST" name="closeBrowser" finished-at="2021-12-16T11:32:12 IST" duration-ms="5769" status="PASS">
          <reporter-output>
          </reporter-output>
        </test-method> <!-- closeBrowser -->
        <test-method is-config="true" signature="disconnectFromDB()[pri:0, instance:com.Vtiger.TC.TC001_CreateOrganisationTest@29215f06]" started-at="2021-12-16T11:32:12 IST" name="disconnectFromDB" finished-at="2021-12-16T11:32:12 IST" duration-ms="6" status="PASS">
          <reporter-output>
          </reporter-output>
        </test-method> <!-- disconnectFromDB -->
      </class> <!-- com.Vtiger.TC.TC001_CreateOrganisationTest -->
    </test> <!-- Default test -->
  </suite> <!-- Default suite -->
</testng-results>
